Number of examples each class:
20news_test_new.json
{'0': 940, '1': 987, '17': 982, '18': 994, '19': 997, '2': 972}
20news_train_new.json
{   '10': 990,
    '13': 981,
    '16': 994,
    '3': 775,
    '4': 973,
    '5': 991,
    '6': 980,
    '7': 985,
    '9': 628}
20news_val_new.json
{'11': 990, '12': 961, '14': 999, '15': 799, '8': 910}

Number of tokens length each example:
{1: 3,
 2: 4,
 3: 1,
 4: 6,
 5: 5,
 6: 2,
 7: 5,
 8: 1,
 9: 4,
 10: 5,
 11: 2,
 12: 4,
 13: 8,
 14: 6,
 15: 7,
 16: 6,
 17: 8,
 18: 6,
 19: 10,
 20: 8,
 21: 5,
 22: 10,
 23: 7,
 24: 14,
 25: 18,
 26: 12,
 27: 8,
 28: 16,
 29: 17,
 30: 15,
 31: 15,
 32: 17,
 33: 12,
 34: 22,
 35: 10,
 36: 14,
 37: 20,
 38: 15,
 39: 23,
 40: 20,
 41: 21,
 42: 18,
 43: 24,
 44: 14,
 45: 26,
 46: 14,
 47: 25,
 48: 31,
 49: 22,
 50: 32,
 51: 20,
 52: 27,
 53: 31,
 54: 27,
 55: 24,
 56: 32,
 57: 32,
 58: 21,
 59: 31,
 60: 20,
 61: 34,
 62: 44,
 63: 24,
 64: 28,
 65: 23,
 66: 25,
 67: 31,
 68: 29,
 69: 33,
 70: 24,
 71: 20,
 72: 30,
 73: 33,
 74: 38,
 75: 37,
 76: 40,
 77: 26,
 78: 33,
 79: 23,
 80: 34,
 81: 41,
 82: 38,
 83: 36,
 84: 33,
 85: 29,
 86: 32,
 87: 26,
 88: 30,
 89: 26,
 90: 33,
 91: 38,
 92: 37,
 93: 30,
 94: 36,
 95: 39,
 96: 43,
 97: 32,
 98: 29,
 99: 31,
 100: 40,
 101: 34,
 102: 46,
 103: 32,
 104: 45,
 105: 43,
 106: 30,
 107: 37,
 108: 35,
 109: 45,
 110: 41,
 111: 32,
 112: 29,
 113: 44,
 114: 34,
 115: 40,
 116: 33,
 117: 31,
 118: 31,
 119: 41,
 120: 35,
 121: 31,
 122: 32,
 123: 29,
 124: 33,
 125: 39,
 126: 40,
 127: 44,
 128: 38,
 129: 42,
 130: 48,
 131: 50,
 132: 35,
 133: 35,
 134: 43,
 135: 45,
 136: 43,
 137: 32,
 138: 30,
 139: 30,
 140: 29,
 141: 44,
 142: 35,
 143: 40,
 144: 35,
 145: 42,
 146: 36,
 147: 33,
 148: 36,
 149: 36,
 150: 45,
 151: 42,
 152: 40,
 153: 47,
 154: 41,
 155: 39,
 156: 39,
 157: 32,
 158: 38,
 159: 42,
 160: 31,
 161: 48,
 162: 29,
 163: 49,
 164: 41,
 165: 30,
 166: 36,
 167: 41,
 168: 35,
 169: 46,
 170: 44,
 171: 44,
 172: 44,
 173: 40,
 174: 43,
 175: 30,
 176: 44,
 177: 40,
 178: 41,
 179: 42,
 180: 44,
 181: 28,
 182: 34,
 183: 53,
 184: 47,
 185: 42,
 186: 41,
 187: 42,
 188: 37,
 189: 37,
 190: 40,
 191: 49,
 192: 34,
 193: 24,
 194: 39,
 195: 36,
 196: 50,
 197: 44,
 198: 36,
 199: 44,
 200: 46,
 201: 41,
 202: 44,
 203: 46,
 204: 55,
 205: 35,
 206: 45,
 207: 46,
 208: 44,
 209: 39,
 210: 44,
 211: 27,
 212: 39,
 213: 51,
 214: 43,
 215: 33,
 216: 40,
 217: 41,
 218: 33,
 219: 28,
 220: 35,
 221: 34,
 222: 39,
 223: 34,
 224: 40,
 225: 35,
 226: 45,
 227: 31,
 228: 43,
 229: 36,
 230: 37,
 231: 50,
 232: 34,
 233: 36,
 234: 37,
 235: 34,
 236: 27,
 237: 32,
 238: 35,
 239: 44,
 240: 38,
 241: 28,
 242: 46,
 243: 44,
 244: 31,
 245: 33,
 246: 31,
 247: 34,
 248: 35,
 249: 34,
 250: 32,
 251: 55,
 252: 50,
 253: 28,
 254: 41,
 255: 41,
 256: 41,
 257: 45,
 258: 35,
 259: 37,
 260: 38,
 261: 38,
 262: 40,
 263: 38,
 264: 45,
 265: 39,
 266: 33,
 267: 49,
 268: 36,
 269: 26,
 270: 41,
 271: 46,
 272: 39,
 273: 36,
 274: 33,
 275: 33,
 276: 37,
 277: 41,
 278: 47,
 279: 30,
 280: 33,
 281: 29,
 282: 38,
 283: 27,
 284: 27,
 285: 39,
 286: 37,
 287: 44,
 288: 30,
 289: 39,
 290: 40,
 291: 38,
 292: 40,
 293: 32,
 294: 27,
 295: 29,
 296: 32,
 297: 31,
 298: 39,
 299: 39,
 300: 32,
 301: 18,
 302: 28,
 303: 35,
 304: 27,
 305: 28,
 306: 34,
 307: 36,
 308: 34,
 309: 32,
 310: 42,
 311: 35,
 312: 36,
 313: 36,
 314: 31,
 315: 27,
 316: 34,
 317: 32,
 318: 34,
 319: 34,
 320: 27,
 321: 26,
 322: 29,
 323: 35,
 324: 28,
 325: 32,
 326: 28,
 327: 28,
 328: 26,
 329: 34,
 330: 31,
 331: 24,
 332: 24,
 333: 22,
 334: 25,
 335: 30,
 336: 25,
 337: 34,
 338: 32,
 339: 26,
 340: 23,
 341: 28,
 342: 23,
 343: 29,
 344: 22,
 345: 37,
 346: 27,
 347: 22,
 348: 24,
 349: 41,
 350: 46,
 351: 26,
 352: 35,
 353: 28,
 354: 27,
 355: 24,
 356: 38,
 357: 21,
 358: 34,
 359: 30,
 360: 28,
 361: 18,
 362: 26,
 363: 31,
 364: 36,
 365: 28,
 366: 28,
 367: 25,
 368: 26,
 369: 25,
 370: 32,
 371: 29,
 372: 25,
 373: 27,
 374: 31,
 375: 23,
 376: 22,
 377: 22,
 378: 25,
 379: 26,
 380: 28,
 381: 32,
 382: 29,
 383: 17,
 384: 16,
 385: 28,
 386: 21,
 387: 26,
 388: 25,
 389: 32,
 390: 26,
 391: 29,
 392: 18,
 393: 21,
 394: 25,
 395: 26,
 396: 36,
 397: 19,
 398: 23,
 399: 26,
 400: 19,
 401: 31,
 402: 27,
 403: 17,
 404: 24,
 405: 29,
 406: 27,
 407: 22,
 408: 19,
 409: 27,
 410: 24,
 411: 26,
 412: 23,
 413: 16,
 414: 24,
 415: 19,
 416: 21,
 417: 29,
 418: 23,
 419: 23,
 420: 19,
 421: 30,
 422: 17,
 423: 25,
 424: 17,
 425: 22,
 426: 29,
 427: 31,
 428: 31,
 429: 27,
 430: 21,
 431: 23,
 432: 14,
 433: 24,
 434: 14,
 435: 24,
 436: 19,
 437: 21,
 438: 19,
 439: 20,
 440: 15,
 441: 15,
 442: 17,
 443: 23,
 444: 22,
 445: 20,
 446: 16,
 447: 16,
 448: 18,
 449: 17,
 450: 14,
 451: 11,
 452: 15,
 453: 16,
 454: 15,
 455: 16,
 456: 17,
 457: 12,
 458: 23,
 459: 16,
 460: 16,
 461: 21,
 462: 17,
 463: 9,
 464: 20,
 465: 29,
 466: 17,
 467: 18,
 468: 17,
 469: 17,
 470: 12,
 471: 20,
 472: 15,
 473: 24,
 474: 25,
 475: 13,
 476: 22,
 477: 24,
 478: 24,
 479: 21,
 480: 9,
 481: 14,
 482: 19,
 483: 15,
 484: 24,
 485: 14,
 486: 24,
 487: 16,
 488: 22,
 489: 13,
 490: 17,
 491: 21,
 492: 16,
 493: 16,
 494: 19,
 495: 12,
 496: 12,
 497: 15,
 498: 19,
 499: 19,
 500: 15,
 501: 15,
 502: 14,
 503: 16,
 504: 10,
 505: 11,
 506: 19,
 507: 14,
 508: 14,
 509: 16,
 510: 15,
 511: 12,
 512: 10,
 513: 21,
 514: 19,
 515: 13,
 516: 9,
 517: 7,
 518: 17,
 519: 13,
 520: 13,
 521: 21,
 522: 13,
 523: 13,
 524: 23,
 525: 19,
 526: 13,
 527: 13,
 528: 9,
 529: 14,
 530: 14,
 531: 10,
 532: 11,
 533: 11,
 534: 8,
 535: 15,
 536: 12,
 537: 10,
 538: 11,
 539: 12,
 540: 19,
 541: 14,
 542: 12,
 543: 6,
 544: 7,
 545: 13,
 546: 18,
 547: 3,
 548: 16,
 549: 15,
 550: 14,
 551: 10,
 552: 9,
 553: 10,
 554: 13,
 555: 8,
 556: 8,
 557: 18,
 558: 18,
 559: 14,
 560: 13,
 561: 11,
 562: 15,
 563: 13,
 564: 15,
 565: 6,
 566: 13,
 567: 8,
 568: 8,
 569: 7,
 570: 7,
 571: 10,
 572: 7,
 573: 5,
 574: 12,
 575: 7,
 576: 4,
 577: 5,
 578: 17,
 579: 12,
 580: 12,
 581: 6,
 582: 14,
 583: 11,
 584: 9,
 585: 5,
 586: 11,
 587: 11,
 588: 17,
 589: 12,
 590: 7,
 591: 13,
 592: 12,
 593: 11,
 594: 11,
 595: 13,
 596: 7,
 597: 8,
 598: 12,
 599: 15,
 600: 11,
 601: 6,
 602: 11,
 603: 12,
 604: 6,
 605: 4,
 606: 7,
 607: 3,
 608: 12,
 609: 7,
 610: 10,
 611: 14,
 612: 14,
 613: 8,
 614: 6,
 615: 9,
 616: 4,
 617: 14,
 618: 10,
 619: 3,
 620: 6,
 621: 7,
 622: 10,
 623: 18,
 624: 11,
 625: 12,
 626: 10,
 627: 11,
 628: 9,
 629: 10,
 630: 10,
 631: 9,
 632: 10,
 633: 3,
 634: 7,
 635: 9,
 636: 12,
 637: 5,
 638: 9,
 639: 13,
 640: 3,
 641: 5,
 642: 5,
 643: 6,
 644: 11,
 645: 9,
 646: 9,
 647: 2,
 648: 4,
 649: 9,
 650: 9,
 651: 6,
 652: 8,
 653: 10,
 654: 6,
 655: 11,
 656: 3,
 657: 9,
 658: 3,
 659: 9,
 660: 2,
 661: 8,
 662: 10,
 663: 8,
 664: 12,
 665: 11,
 666: 6,
 667: 6,
 668: 8,
 669: 3,
 670: 8,
 671: 9,
 672: 4,
 673: 10,
 674: 8,
 675: 6,
 676: 8,
 677: 4,
 678: 2,
 679: 9,
 680: 8,
 681: 4,
 682: 6,
 683: 7,
 684: 4,
 685: 9,
 686: 7,
 687: 9,
 688: 8,
 689: 10,
 690: 9,
 691: 9,
 692: 4,
 693: 8,
 694: 3,
 695: 12,
 696: 9,
 697: 4,
 698: 12,
 699: 7,
 700: 5,
 701: 4,
 702: 5,
 703: 10,
 704: 5,
 705: 8,
 706: 5,
 707: 6,
 708: 5,
 709: 7,
 710: 5,
 711: 4,
 712: 2,
 713: 2,
 714: 5,
 715: 7,
 716: 5,
 717: 1,
 718: 6,
 719: 5,
 720: 1,
 721: 3,
 722: 2,
 723: 4,
 724: 2,
 725: 6,
 726: 9,
 727: 2,
 728: 4,
 729: 8,
 730: 7,
 731: 7,
 732: 1,
 733: 11,
 734: 10,
 735: 6,
 736: 4,
 737: 5,
 738: 6,
 739: 6,
 740: 8,
 741: 5,
 742: 6,
 743: 9,
 744: 5,
 745: 6,
 746: 5,
 747: 9,
 748: 9,
 749: 4,
 750: 5,
 751: 10,
 752: 4,
 753: 4,
 754: 3,
 755: 4,
 756: 7,
 757: 9,
 758: 4,
 759: 4,
 760: 9,
 761: 3,
 762: 3,
 763: 3,
 764: 3,
 765: 6,
 766: 2,
 767: 4,
 768: 5,
 769: 2,
 770: 3,
 771: 6,
 772: 4,
 773: 6,
 774: 4,
 775: 4,
 776: 5,
 777: 6,
 778: 4,
 779: 3,
 780: 2,
 781: 2,
 782: 3,
 783: 3,
 784: 7,
 785: 6,
 786: 7,
 787: 2,
 788: 4,
 789: 7,
 790: 4,
 791: 7,
 792: 6,
 793: 5,
 794: 2,
 795: 5,
 796: 6,
 797: 5,
 798: 3,
 799: 2,
 800: 4,
 801: 6,
 802: 1,
 803: 1,
 804: 4,
 805: 4,
 806: 2,
 807: 1,
 808: 6,
 809: 3,
 810: 6,
 811: 4,
 812: 2,
 813: 5,
 814: 6,
 815: 3,
 816: 4,
 817: 4,
 818: 3,
 819: 3,
 820: 5,
 821: 1,
 822: 6,
 823: 8,
 824: 1,
 825: 4,
 826: 3,
 827: 2,
 828: 10,
 829: 4,
 830: 1,
 831: 1,
 832: 2,
 833: 2,
 834: 1,
 835: 2,
 836: 3,
 837: 4,
 838: 5,
 839: 4,
 840: 4,
 841: 5,
 842: 9,
 843: 3,
 844: 2,
 845: 1,
 846: 4,
 847: 3,
 848: 5,
 849: 1,
 850: 2,
 851: 2,
 852: 3,
 853: 2,
 854: 4,
 855: 5,
 856: 1,
 857: 5,
 859: 2,
 860: 4,
 861: 5,
 862: 2,
 863: 4,
 864: 2,
 865: 4,
 866: 4,
 867: 4,
 868: 1,
 869: 1,
 870: 4,
 871: 2,
 872: 5,
 873: 5,
 874: 1,
 875: 2,
 876: 6,
 877: 2,
 878: 1,
 879: 2,
 880: 2,
 881: 2,
 882: 3,
 883: 2,
 884: 1,
 885: 3,
 886: 4,
 888: 2,
 889: 3,
 890: 3,
 891: 7,
 892: 7,
 893: 6,
 894: 2,
 895: 2,
 896: 2,
 897: 3,
 898: 1,
 899: 2,
 900: 3,
 901: 3,
 902: 5,
 903: 4,
 904: 4,
 905: 4,
 906: 6,
 907: 3,
 908: 3,
 909: 11,
 910: 1,
 911: 4,
 912: 4,
 913: 4,
 914: 3,
 915: 5,
 916: 1,
 917: 2,
 919: 7,
 920: 1,
 921: 1,
 922: 1,
 923: 3,
 924: 4,
 925: 3,
 926: 3,
 927: 3,
 929: 2,
 930: 1,
 931: 1,
 932: 3,
 933: 2,
 934: 3,
 935: 3,
 936: 1,
 937: 3,
 938: 4,
 939: 6,
 940: 1,
 941: 2,
 942: 2,
 944: 3,
 946: 1,
 947: 4,
 949: 4,
 950: 2,
 951: 4,
 952: 2,
 953: 3,
 955: 2,
 956: 2,
 957: 2,
 958: 2,
 959: 1,
 960: 4,
 961: 2,
 962: 1,
 965: 5,
 967: 2,
 968: 2,
 969: 4,
 970: 1,
 971: 3,
 972: 1,
 973: 1,
 975: 2,
 976: 5,
 977: 2,
 978: 1,
 979: 1,
 980: 3,
 981: 2,
 982: 2,
 983: 2,
 985: 3,
 986: 3,
 987: 1,
 988: 1,
 989: 2,
 990: 2,
 991: 1,
 992: 2,
 993: 1,
 994: 5,
 995: 2,
 996: 4,
 997: 3,
 998: 2,
 999: 1,
 1000: 5,
 1001: 1,
 1003: 2,
 1004: 2,
 1005: 6,
 1006: 2,
 1007: 1,
 1008: 3,
 1009: 4,
 1010: 3,
 1011: 1,
 1012: 3,
 1013: 4,
 1014: 3,
 1015: 2,
 1016: 1,
 1017: 3,
 1018: 2,
 1019: 1,
 1020: 3,
 1021: 3,
 1022: 3,
 1023: 2,
 1024: 1,
 1025: 4,
 1026: 5,
 1027: 1,
 1028: 1,
 1029: 2,
 1030: 2,
 1031: 2,
 1032: 3,
 1033: 3,
 1034: 4,
 1035: 5,
 1036: 4,
 1037: 1,
 1040: 2,
 1041: 5,
 1042: 4,
 1043: 3,
 1044: 3,
 1045: 4,
 1047: 1,
 1048: 2,
 1049: 1,
 1050: 1,
 1051: 2,
 1052: 2,
 1053: 1,
 1054: 1,
 1055: 1,
 1056: 2,
 1057: 1,
 1058: 1,
 1059: 4,
 1060: 1,
 1061: 2,
 1062: 1,
 1063: 2,
 1064: 3,
 1065: 1,
 1066: 1,
 1067: 3,
 1068: 2,
 1070: 3,
 1071: 1,
 1072: 3,
 1073: 1,
 1075: 1,
 1076: 4,
 1077: 4,
 1078: 3,
 1080: 3,
 1081: 1,
 1082: 1,
 1083: 1,
 1085: 2,
 1086: 2,
 1088: 1,
 1089: 1,
 1090: 1,
 1091: 5,
 1092: 2,
 1094: 1,
 1095: 1,
 1096: 2,
 1097: 3,
 1098: 3,
 1099: 2,
 1100: 2,
 1101: 1,
 1104: 1,
 1105: 2,
 1106: 1,
 1107: 4,
 1108: 3,
 1109: 1,
 1110: 3,
 1112: 1,
 1114: 4,
 1115: 2,
 1116: 2,
 1118: 1,
 1119: 3,
 1120: 2,
 1121: 2,
 1122: 5,
 1124: 1,
 1125: 1,
 1126: 2,
 1127: 4,
 1128: 1,
 1129: 1,
 1130: 2,
 1131: 1,
 1132: 1,
 1133: 5,
 1134: 1,
 1135: 1,
 1136: 1,
 1137: 3,
 1138: 1,
 1140: 2,
 1143: 1,
 1144: 1,
 1145: 3,
 1147: 5,
 1148: 1,
 1149: 5,
 1150: 1,
 1152: 1,
 1153: 3,
 1154: 1,
 1156: 1,
 1157: 1,
 1159: 2,
 1160: 5,
 1162: 1,
 1163: 1,
 1164: 2,
 1165: 1,
 1166: 2,
 1168: 2,
 1169: 2,
 1173: 2,
 1174: 4,
 1175: 1,
 1176: 1,
 1178: 3,
 1180: 2,
 1181: 3,
 1182: 3,
 1183: 1,
 1187: 1,
 1189: 1,
 1190: 1,
 1191: 2,
 1192: 2,
 1193: 4,
 1194: 1,
 1195: 2,
 1196: 1,
 1197: 2,
 1198: 1,
 1199: 1,
 1200: 3,
 1201: 1,
 1202: 1,
 1203: 1,
 1204: 2,
 1205: 1,
 1206: 1,
 1208: 1,
 1209: 3,
 1210: 1,
 1211: 1,
 1213: 1,
 1214: 3,
 1215: 1,
 1217: 3,
 1218: 1,
 1219: 4,
 1220: 1,
 1221: 2,
 1223: 4,
 1224: 1,
 1225: 1,
 1226: 1,
 1228: 1,
 1229: 1,
 1230: 1,
 1231: 2,
 1232: 1,
 1233: 1,
 1235: 2,
 1236: 1,
 1237: 3,
 1239: 1,
 1242: 1,
 1244: 1,
 1245: 3,
 1246: 1,
 1247: 3,
 1248: 1,
 1249: 1,
 1251: 2,
 1253: 1,
 1255: 1,
 1256: 3,
 1257: 2,
 1261: 1,
 1262: 1,
 1263: 1,
 1264: 1,
 1267: 1,
 1268: 2,
 1269: 4,
 1270: 2,
 1272: 1,
 1273: 2,
 1275: 1,
 1278: 1,
 1279: 1,
 1281: 1,
 1282: 1,
 1283: 1,
 1284: 1,
 1286: 2,
 1288: 1,
 1290: 2,
 1291: 1,
 1293: 2,
 1296: 1,
 1298: 2,
 1299: 1,
 1303: 2,
 1309: 2,
 1312: 1,
 1313: 1,
 1314: 2,
 1318: 1,
 1321: 1,
 1323: 1,
 1324: 2,
 1326: 1,
 1327: 1,
 1328: 1,
 1329: 1,
 1330: 1,
 1331: 1,
 1332: 2,
 1333: 1,
 1334: 2,
 1336: 1,
 1337: 1,
 1338: 2,
 1342: 1,
 1343: 1,
 1344: 1,
 1348: 1,
 1350: 1,
 1351: 2,
 1352: 3,
 1353: 1,
 1354: 1,
 1356: 2,
 1357: 1,
 1358: 2,
 1360: 1,
 1362: 1,
 1364: 1,
 1365: 1,
 1369: 1,
 1370: 2,
 1374: 1,
 1375: 1,
 1376: 2,
 1377: 1,
 1378: 1,
 1379: 2,
 1380: 1,
 1381: 1,
 1382: 1,
 1384: 1,
 1385: 1,
 1386: 1,
 1392: 1,
 1394: 1,
 1395: 1,
 1396: 1,
 1401: 2,
 1402: 2,
 1404: 1,
 1405: 2,
 1407: 1,
 1408: 3,
 1409: 1,
 1413: 1,
 1414: 2,
 1415: 3,
 1416: 1,
 1421: 1,
 1423: 1,
 1425: 2,
 1427: 1,
 1428: 1,
 1429: 1,
 1430: 1,
 1432: 1,
 1437: 3,
 1443: 2,
 1445: 2,
 1446: 1,
 1448: 2,
 1449: 1,
 1450: 1,
 1458: 1,
 1461: 1,
 1462: 2,
 1463: 1,
 1464: 2,
 1466: 1,
 1472: 1,
 1475: 3,
 1478: 2,
 1479: 1,
 1480: 1,
 1483: 2,
 1484: 1,
 1486: 1,
 1489: 1,
 1491: 2,
 1493: 1,
 1494: 1,
 1496: 1,
 1499: 2,
 1500: 1,
 1503: 2,
 1504: 1,
 1505: 1,
 1506: 1,
 1508: 1,
 1511: 1,
 1512: 1,
 1513: 1,
 1516: 2,
 1520: 1,
 1523: 3,
 1524: 2,
 1525: 2,
 1527: 1,
 1532: 1,
 1533: 1,
 1534: 2,
 1535: 1,
 1540: 3,
 1542: 2,
 1544: 1,
 1547: 2,
 1549: 1,
 1552: 1,
 1553: 1,
 1555: 1,
 1559: 1,
 1561: 1,
 1563: 1,
 1565: 2,
 1566: 1,
 1569: 1,
 1572: 1,
 1573: 1,
 1576: 3,
 1579: 1,
 1583: 2,
 1584: 1,
 1585: 1,
 1587: 1,
 1594: 1,
 1598: 2,
 1600: 1,
 1601: 1,
 1603: 1,
 1604: 1,
 1613: 1,
 1614: 1,
 1615: 1,
 1616: 1,
 1620: 4,
 1623: 1,
 1625: 2,
 1629: 1,
 1630: 1,
 1633: 1,
 1634: 1,
 1638: 1,
 1641: 2,
 1642: 1,
 1644: 2,
 1645: 1,
 1646: 1,
 1648: 1,
 1650: 2,
 1655: 2,
 1656: 1,
 1660: 1,
 1666: 1,
 1669: 1,
 1671: 1,
 1675: 1,
 1688: 3,
 1690: 1,
 1691: 1,
 1692: 3,
 1693: 1,
 1694: 1,
 1696: 2,
 1697: 2,
 1706: 1,
 1707: 2,
 1708: 1,
 1709: 2,
 1711: 1,
 1712: 2,
 1714: 1,
 1715: 1,
 1717: 1,
 1718: 1,
 1721: 2,
 1723: 1,
 1724: 1,
 1727: 2,
 1730: 1,
 1732: 1,
 1733: 2,
 1734: 1,
 1736: 1,
 1737: 1,
 1739: 1,
 1740: 1,
 1741: 3,
 1742: 1,
 1748: 1,
 1751: 2,
 1752: 1,
 1759: 1,
 1760: 1,
 1764: 1,
 1765: 1,
 1772: 1,
 1775: 1,
 1782: 1,
 1786: 1,
 1788: 1,
 1791: 2,
 1792: 1,
 1793: 1,
 1795: 2,
 1801: 1,
 1803: 1,
 1808: 1,
 1811: 1,
 1812: 1,
 1813: 1,
 1815: 1,
 1818: 2,
 1819: 1,
 1823: 1,
 1831: 1,
 1832: 1,
 1835: 1,
 1836: 1,
 1843: 1,
 1846: 1,
 1847: 1,
 1852: 1,
 1857: 1,
 1859: 1,
 1863: 1,
 1867: 1,
 1868: 1,
 1872: 1,
 1873: 1,
 1878: 1,
 1879: 1,
 1880: 2,
 1883: 1,
 1885: 1,
 1891: 1,
 1894: 1,
 1900: 1,
 1905: 1,
 1906: 1,
 1919: 2,
 1923: 2,
 1926: 1,
 1930: 1,
 1935: 1,
 1936: 1,
 1947: 1,
 1949: 1,
 1954: 1,
 1958: 1,
 1961: 1,
 1964: 1,
 1966: 1,
 1968: 1,
 1978: 1,
 1984: 1,
 1985: 1,
 1986: 1,
 1993: 1,
 1999: 1,
 2001: 1,
 2002: 1,
 2005: 1,
 2007: 1,
 2009: 1,
 2012: 1,
 2016: 2,
 2018: 1,
 2019: 1,
 2026: 1,
 2029: 1,
 2031: 1,
 2036: 1,
 2037: 1,
 2042: 1,
 2047: 1,
 2052: 1,
 2057: 1,
 2063: 1,
 2071: 1,
 2073: 2,
 2074: 1,
 2075: 2,
 2079: 1,
 2080: 1,
 2082: 3,
 2088: 1,
 2090: 1,
 2095: 1,
 2097: 1,
 2100: 1,
 2103: 1,
 2105: 1,
 2113: 1,
 2117: 1,
 2118: 1,
 2127: 1,
 2135: 1,
 2140: 1,
 2141: 1,
 2143: 1,
 2148: 1,
 2163: 1,
 2164: 1,
 2173: 2,
 2175: 1,
 2179: 1,
 2190: 1,
 2194: 1,
 2199: 1,
 2200: 1,
 2201: 1,
 2203: 1,
 2204: 2,
 2217: 1,
 2225: 1,
 2226: 1,
 2228: 1,
 2234: 1,
 2238: 2,
 2242: 1,
 2243: 1,
 2244: 1,
 2268: 1,
 2283: 1,
 2300: 1,
 2305: 1,
 2313: 1,
 2318: 1,
 2323: 1,
 2325: 2,
 2326: 1,
 2341: 1,
 2349: 1,
 2352: 2,
 2363: 1,
 2364: 1,
 2367: 1,
 2369: 1,
 2375: 1,
 2381: 1,
 2386: 1,
 2407: 1,
 2417: 1,
 2420: 1,
 2440: 2,
 2449: 1,
 2452: 1,
 2455: 1,
 2466: 1,
 2468: 1,
 2469: 1,
 2473: 1,
 2475: 1,
 2482: 1,
 2489: 1,
 2498: 1,
 2501: 1,
 2526: 1,
 2557: 1,
 2566: 1,
 2573: 1,
 2586: 1,
 2591: 1,
 2603: 2,
 2610: 1,
 2614: 1,
 2624: 1,
 2626: 1,
 2632: 1,
 2633: 1,
 2640: 1,
 2646: 1,
 2647: 1,
 2656: 1,
 2664: 1,
 2676: 1,
 2683: 1,
 2687: 1,
 2691: 1,
 2693: 1,
 2702: 1,
 2709: 1,
 2720: 1,
 2731: 1,
 2739: 1,
 2757: 2,
 2762: 1,
 2766: 1,
 2768: 1,
 2779: 1,
 2782: 1,
 2798: 1,
 2799: 1,
 2815: 1,
 2825: 1,
 2833: 1,
 2834: 1,
 2849: 1,
 2856: 1,
 2859: 1,
 2872: 1,
 2881: 1,
 2882: 1,
 2884: 1,
 2914: 1,
 2917: 1,
 2941: 1,
 2949: 1,
 2955: 1,
 2960: 1,
 2965: 1,
 2972: 1,
 2988: 1,
 2990: 1,
 3012: 1,
 3030: 1,
 3036: 1,
 3049: 1,
 3112: 1,
 3113: 2,
 3122: 1,
 3123: 1,
 3128: 2,
 3149: 1,
 3151: 1,
 3163: 1,
 3181: 1,
 3188: 1,
 3189: 1,
 3205: 1,
 3209: 1,
 3217: 2,
 3235: 2,
 3266: 1,
 3269: 1,
 3270: 2,
 3274: 1,
 3281: 1,
 3288: 1,
 3317: 1,
 3321: 1,
 3342: 1,
 3385: 1,
 3418: 1,
 3423: 1,
 3433: 1,
 3436: 1,
 3442: 1,
 3443: 1,
 3464: 1,
 3498: 1,
 3532: 1,
 3560: 1,
 3621: 1,
 3627: 1,
 3631: 1,
 3683: 1,
 3686: 1,
 3697: 1,
 3710: 1,
 3735: 1,
 3771: 1,
 3775: 1,
 3787: 1,
 3826: 1,
 3844: 1,
 3850: 1,
 3860: 1,
 3884: 1,
 3913: 1,
 3959: 1,
 4020: 1,
 4055: 1,
 4070: 1,
 4077: 1,
 4094: 1,
 4101: 1,
 4102: 1,
 4163: 1,
 4170: 1,
 4180: 1,
 4241: 1,
 4269: 1,
 4374: 1,
 4412: 1,
 4424: 1,
 4439: 1,
 4459: 1,
 4479: 1,
 4485: 1,
 4515: 1,
 4555: 1,
 4624: 1,
 4650: 1,
 4659: 1,
 4670: 1,
 4684: 1,
 4708: 1,
 4731: 1,
 4758: 1,
 4886: 1,
 5038: 1,
 5056: 1,
 5105: 1,
 5121: 1,
 5143: 1,
 5165: 1,
 5175: 1,
 5187: 1,
 5338: 1,
 5386: 1,
 5417: 1,
 5435: 1,
 5540: 1,
 5580: 1,
 5602: 1,
 5615: 1,
 5639: 1,
 5645: 1,
 5668: 1,
 5678: 1,
 5690: 1,
 5692: 1,
 5699: 1,
 5814: 1,
 5905: 1,
 6111: 1,
 6209: 1,
 6271: 1,
 6463: 1,
 6514: 1,
 6603: 1,
 6628: 1,
 6669: 1,
 6686: 1,
 6912: 1,
 7015: 1,
 7120: 1,
 7150: 1,
 7231: 1,
 7244: 1,
 7247: 1,
 7417: 1,
 7517: 1,
 7561: 1,
 7705: 1,
 7816: 1,
 7818: 1,
 7861: 1,
 7892: 1,
 8151: 1,
 8188: 1,
 8353: 1,
 8675: 1,
 9087: 1,
 9186: 1,
 9628: 1,
 9678: 1,
 9708: 1,
 9841: 1,
 9929: 1,
 10216: 1,
 10272: 1,
 10510: 1,
 10523: 1,
 11367: 1,
 11512: 1,
 11515: 1,
 11681: 1,
 11772: 1,
 12022: 1,
 12205: 1,
 12209: 1,
 12731: 1,
 12751: 1,
 13165: 1,
 13202: 1,
 13436: 1,
 14208: 1,
 14334: 1,
 14394: 1,
 14484: 1,
 14530: 1,
 14545: 1,
 14595: 1,
 14614: 1,
 14716: 1,
 14796: 1,
 15260: 1,
 15382: 1,
 15517: 1,
 15706: 1,
 15889: 1,
 15897: 1,
 18367: 1,
 19018: 1,
 19360: 1,
 20658: 1,
 22218: 1,
 27789: 1,
 28254: 1,
 30546: 1,
 35262: 1,
 38230: 1,
 44523: 1,
 45659: 1,
 45985: 1,
 46250: 1,
 47107: 1,
 47912: 1,
 48470: 1,
 48716: 1,
 48784: 1,
 49307: 1,
 49587: 1,
 49690: 1,
 49705: 1,
 49859: 1,
 51056: 1,
 51084: 1,
 51426: 1,
 135621: 1}
====================
# tokens/example: 502.50
# examples/class: 941.40
Vocabulary size: 25703
====================
