Number of examples each class:
apparel.t2
{'apparel.t2.-1': 304, 'apparel.t2.1': 2779}
apparel.t4
{'apparel.t4.-1': 446, 'apparel.t4.1': 2638}
apparel.t5
{'apparel.t5.-1': 1073, 'apparel.t5.1': 2012}
automotive.t2
{'automotive.t2.-1': 35, 'automotive.t2.1': 210}
automotive.t4
{'automotive.t4.-1': 51, 'automotive.t4.1': 194}
automotive.t5
{'automotive.t5.-1': 106, 'automotive.t5.1': 140}
baby.t2
{'baby.t2.-1': 204, 'baby.t2.1': 1214}
baby.t4
{'baby.t4.-1': 301, 'baby.t4.1': 1118}
baby.t5
{'baby.t5.-1': 619, 'baby.t5.1': 800}
beauty.t2
{'beauty.t2.-1': 107, 'beauty.t2.1': 853}
beauty.t4
{'beauty.t4.-1': 164, 'beauty.t4.1': 797}
beauty.t5
{'beauty.t5.-1': 321, 'beauty.t5.1': 642}
camera_photo.t2
{'camera_photo.t2.-1': 218, 'camera_photo.t2.1': 2250}
camera_photo.t4
{'camera_photo.t4.-1': 363, 'camera_photo.t4.1': 2107}
camera_photo.t5
{'camera_photo.t5.-1': 992, 'camera_photo.t5.1': 1478}
cell_phones_service.t2
{'cell_phones_service.t2.-1': 88, 'cell_phones_service.t2.1': 252}
cell_phones_service.t4
{'cell_phones_service.t4.-1': 128, 'cell_phones_service.t4.1': 213}
cell_phones_service.t5
{'cell_phones_service.t5.-1': 213, 'cell_phones_service.t5.1': 129}
computer_video_games.t2
{'computer_video_games.t2.-1': 87, 'computer_video_games.t2.1': 835}
computer_video_games.t4
{'computer_video_games.t4.-1': 152, 'computer_video_games.t4.1': 772}
computer_video_games.t5
{'computer_video_games.t5.-1': 349, 'computer_video_games.t5.1': 576}
gourmet_food.t2
{'gourmet_food.t2.-1': 49, 'gourmet_food.t2.1': 475}
gourmet_food.t4
{'gourmet_food.t4.-1': 69, 'gourmet_food.t4.1': 456}
gourmet_food.t5
{'gourmet_food.t5.-1': 150, 'gourmet_food.t5.1': 376}
grocery.t2
{'grocery.t2.-1': 68, 'grocery.t2.1': 808}
grocery.t4
{'grocery.t4.-1': 117, 'grocery.t4.1': 760}
grocery.t5
{'grocery.t5.-1': 248, 'grocery.t5.1': 631}
health_personal_care.t2
{'health_personal_care.t2.-1': 314, 'health_personal_care.t2.1': 2094}
health_personal_care.t4
{'health_personal_care.t4.-1': 492, 'health_personal_care.t4.1': 1916}
health_personal_care.t5
{'health_personal_care.t5.-1': 1028, 'health_personal_care.t5.1': 1381}
jewelry_watches.t2
{'jewelry_watches.t2.-1': 62, 'jewelry_watches.t2.1': 597}
jewelry_watches.t4
{'jewelry_watches.t4.-1': 97, 'jewelry_watches.t4.1': 563}
jewelry_watches.t5
{'jewelry_watches.t5.-1': 260, 'jewelry_watches.t5.1': 402}
magazines.t2
{'magazines.t2.-1': 205, 'magazines.t2.1': 1190}
magazines.t4
{'magazines.t4.-1': 324, 'magazines.t4.1': 1072}
magazines.t5
{'magazines.t5.-1': 585, 'magazines.t5.1': 813}
music.t2
{'music.t2.-1': 356, 'music.t2.1': 8002}
music.t4
{'music.t4.-1': 740, 'music.t4.1': 7619}
music.t5
{'music.t5.-1': 2474, 'music.t5.1': 5885}
office_products.t2
{'office_products.t2.-1': 12, 'office_products.t2.1': 131}
office_products.t4
{'office_products.t4.-1': 22, 'office_products.t4.1': 121}
office_products.t5
{'office_products.t5.-1': 49, 'office_products.t5.1': 96}
outdoor_living.t2
{'outdoor_living.t2.-1': 78, 'outdoor_living.t2.1': 454}
outdoor_living.t4
{'outdoor_living.t4.-1': 110, 'outdoor_living.t4.1': 423}
outdoor_living.t5
{'outdoor_living.t5.-1': 229, 'outdoor_living.t5.1': 305}
software.t2
{'software.t2.-1': 219, 'software.t2.1': 576}
software.t4
{'software.t4.-1': 305, 'software.t4.1': 492}
software.t5
{'software.t5.-1': 474, 'software.t5.1': 324}
sports_outdoors.t2
{'sports_outdoors.t2.-1': 226, 'sports_outdoors.t2.1': 1682}
sports_outdoors.t4
{'sports_outdoors.t4.-1': 354, 'sports_outdoors.t4.1': 1554}
sports_outdoors.t5
{'sports_outdoors.t5.-1': 819, 'sports_outdoors.t5.1': 1092}
toys_games.t2
{'toys_games.t2.-1': 580, 'toys_games.t2.1': 3801}
toys_games.t4
{'toys_games.t4.-1': 865, 'toys_games.t4.1': 3517}
toys_games.t5
{'toys_games.t5.-1': 1861, 'toys_games.t5.1': 2523}
video.t2
{'video.t2.-1': 861, 'video.t2.1': 7471}
video.t4
{'video.t4.-1': 1274, 'video.t4.1': 7059}
video.t5
{'video.t5.-1': 3446, 'video.t5.1': 4888}
kitchen_housewares.t4.val.json
{'kitchen_housewares.t4.val.-1': 131, 'kitchen_housewares.t4.val.1': 528}
electronics.t5.val.json
{'electronics.t5.val.-1': 349, 'electronics.t5.val.1': 419}
dvd.t5.val.json
{'dvd.t5.val.-1': 363, 'dvd.t5.val.1': 512}
electronics.t2.test.json
{'electronics.t2.test.-1': 121, 'electronics.t2.test.1': 637}
books.t4.val.json
{'books.t4.val.-1': 88, 'books.t4.val.1': 724}
books.t2.val.json
{'books.t2.val.-1': 65, 'books.t2.val.1': 747}
books.t5.test.json
{'books.t5.test.-1': 285, 'books.t5.test.1': 545}
electronics.t4.test.json
{'electronics.t4.test.-1': 160, 'electronics.t4.test.1': 598}
electronics.t5.test.json
{'electronics.t5.test.-1': 324, 'electronics.t5.test.1': 434}
kitchen_housewares.t2.val.json
{'kitchen_housewares.t2.val.-1': 79, 'kitchen_housewares.t2.val.1': 580}
electronics.t2.val.json
{'electronics.t2.val.-1': 123, 'electronics.t2.val.1': 645}
dvd.t2.val.json
{'dvd.t2.val.-1': 71, 'dvd.t2.val.1': 803}
books.t5.val.json
{'books.t5.val.-1': 334, 'books.t5.val.1': 478}
books.t2.test.json
{'books.t2.test.-1': 50, 'books.t2.test.1': 779}
electronics.t4.val.json
{'electronics.t4.val.-1': 186, 'electronics.t4.val.1': 582}
dvd.t5.test.json
{'dvd.t5.test.-1': 298, 'dvd.t5.test.1': 506}
dvd.t4.val.json
{'dvd.t4.val.-1': 126, 'dvd.t4.val.1': 749}
kitchen_housewares.t4.test.json
{'kitchen_housewares.t4.test.-1': 124, 'kitchen_housewares.t4.test.1': 539}
dvd.t2.test.json
{'dvd.t2.test.-1': 57, 'dvd.t2.test.1': 747}
dvd.t4.test.json
{'dvd.t4.test.-1': 114, 'dvd.t4.test.1': 690}
kitchen_housewares.t5.val.json
{'kitchen_housewares.t5.val.-1': 249, 'kitchen_housewares.t5.val.1': 411}
kitchen_housewares.t2.test.json
{'kitchen_housewares.t2.test.-1': 85, 'kitchen_housewares.t2.test.1': 578}
books.t4.test.json
{'books.t4.test.-1': 108, 'books.t4.test.1': 722}
kitchen_housewares.t5.test.json
{'kitchen_housewares.t5.test.-1': 261, 'kitchen_housewares.t5.test.1': 403}

Number of tokens length each example:
{1: 5,
 2: 4,
 3: 10,
 4: 19,
 5: 51,
 6: 84,
 7: 153,
 8: 225,
 9: 385,
 10: 547,
 11: 819,
 12: 853,
 13: 1099,
 14: 1052,
 15: 1100,
 16: 1202,
 17: 1226,
 18: 1271,
 19: 1171,
 20: 1223,
 21: 1185,
 22: 1300,
 23: 1336,
 24: 1355,
 25: 1350,
 26: 1236,
 27: 1322,
 28: 1321,
 29: 1189,
 30: 1179,
 31: 1194,
 32: 1227,
 33: 1245,
 34: 1290,
 35: 1373,
 36: 1208,
 37: 1214,
 38: 1106,
 39: 1334,
 40: 1250,
 41: 1237,
 42: 1172,
 43: 1208,
 44: 1117,
 45: 1151,
 46: 1199,
 47: 1170,
 48: 1115,
 49: 1089,
 50: 1038,
 51: 1116,
 52: 1056,
 53: 1075,
 54: 1148,
 55: 1071,
 56: 1051,
 57: 1025,
 58: 956,
 59: 924,
 60: 962,
 61: 931,
 62: 1010,
 63: 836,
 64: 946,
 65: 831,
 66: 885,
 67: 844,
 68: 826,
 69: 919,
 70: 918,
 71: 823,
 72: 840,
 73: 761,
 74: 789,
 75: 830,
 76: 731,
 77: 709,
 78: 749,
 79: 759,
 80: 717,
 81: 788,
 82: 774,
 83: 718,
 84: 714,
 85: 683,
 86: 714,
 87: 649,
 88: 605,
 89: 695,
 90: 665,
 91: 642,
 92: 649,
 93: 594,
 94: 601,
 95: 609,
 96: 603,
 97: 560,
 98: 637,
 99: 564,
 100: 630,
 101: 544,
 102: 537,
 103: 537,
 104: 500,
 105: 490,
 106: 482,
 107: 467,
 108: 484,
 109: 433,
 110: 482,
 111: 438,
 112: 479,
 113: 409,
 114: 517,
 115: 412,
 116: 398,
 117: 410,
 118: 396,
 119: 399,
 120: 396,
 121: 391,
 122: 384,
 123: 439,
 124: 347,
 125: 393,
 126: 345,
 127: 336,
 128: 376,
 129: 423,
 130: 314,
 131: 333,
 132: 339,
 133: 344,
 134: 371,
 135: 319,
 136: 346,
 137: 348,
 138: 307,
 139: 328,
 140: 268,
 141: 313,
 142: 395,
 143: 287,
 144: 342,
 145: 268,
 146: 327,
 147: 284,
 148: 279,
 149: 286,
 150: 270,
 151: 267,
 152: 266,
 153: 269,
 154: 265,
 155: 263,
 156: 236,
 157: 216,
 158: 258,
 159: 268,
 160: 257,
 161: 219,
 162: 199,
 163: 231,
 164: 250,
 165: 273,
 166: 209,
 167: 247,
 168: 210,
 169: 200,
 170: 230,
 171: 191,
 172: 177,
 173: 178,
 174: 151,
 175: 201,
 176: 216,
 177: 196,
 178: 199,
 179: 167,
 180: 196,
 181: 167,
 182: 180,
 183: 169,
 184: 181,
 185: 175,
 186: 169,
 187: 169,
 188: 161,
 189: 193,
 190: 168,
 191: 157,
 192: 158,
 193: 155,
 194: 169,
 195: 160,
 196: 172,
 197: 151,
 198: 140,
 199: 142,
 200: 144,
 201: 121,
 202: 122,
 203: 139,
 204: 153,
 205: 116,
 206: 120,
 207: 139,
 208: 146,
 209: 153,
 210: 137,
 211: 140,
 212: 131,
 213: 125,
 214: 132,
 215: 125,
 216: 123,
 217: 122,
 218: 104,
 219: 127,
 220: 107,
 221: 207,
 222: 103,
 223: 117,
 224: 109,
 225: 88,
 226: 95,
 227: 104,
 228: 119,
 229: 109,
 230: 103,
 231: 109,
 232: 119,
 233: 93,
 234: 131,
 235: 93,
 236: 93,
 237: 92,
 238: 85,
 239: 104,
 240: 82,
 241: 106,
 242: 105,
 243: 96,
 244: 102,
 245: 104,
 246: 94,
 247: 76,
 248: 91,
 249: 89,
 250: 110,
 251: 97,
 252: 98,
 253: 88,
 254: 77,
 255: 90,
 256: 104,
 257: 89,
 258: 106,
 259: 90,
 260: 66,
 261: 101,
 262: 68,
 263: 88,
 264: 80,
 265: 77,
 266: 86,
 267: 81,
 268: 108,
 269: 62,
 270: 57,
 271: 89,
 272: 67,
 273: 73,
 274: 70,
 275: 69,
 276: 78,
 277: 75,
 278: 67,
 279: 104,
 280: 79,
 281: 67,
 282: 62,
 283: 71,
 284: 61,
 285: 70,
 286: 70,
 287: 62,
 288: 65,
 289: 56,
 290: 67,
 291: 59,
 292: 73,
 293: 65,
 294: 64,
 295: 69,
 296: 65,
 297: 52,
 298: 70,
 299: 56,
 300: 46,
 301: 58,
 302: 42,
 303: 52,
 304: 39,
 305: 65,
 306: 71,
 307: 64,
 308: 59,
 309: 47,
 310: 57,
 311: 49,
 312: 48,
 313: 47,
 314: 57,
 315: 53,
 316: 48,
 317: 50,
 318: 48,
 319: 53,
 320: 60,
 321: 46,
 322: 51,
 323: 43,
 324: 50,
 325: 62,
 326: 38,
 327: 48,
 328: 45,
 329: 38,
 330: 45,
 331: 52,
 332: 37,
 333: 50,
 334: 52,
 335: 48,
 336: 34,
 337: 42,
 338: 57,
 339: 53,
 340: 35,
 341: 50,
 342: 37,
 343: 41,
 344: 41,
 345: 37,
 346: 44,
 347: 58,
 348: 56,
 349: 57,
 350: 41,
 351: 40,
 352: 26,
 353: 41,
 354: 41,
 355: 42,
 356: 40,
 357: 40,
 358: 44,
 359: 40,
 360: 47,
 361: 51,
 362: 39,
 363: 40,
 364: 52,
 365: 28,
 366: 56,
 367: 77,
 368: 44,
 369: 46,
 370: 33,
 371: 36,
 372: 20,
 373: 49,
 374: 38,
 375: 30,
 376: 52,
 377: 40,
 378: 25,
 379: 26,
 380: 44,
 381: 33,
 382: 34,
 383: 34,
 384: 23,
 385: 36,
 386: 25,
 387: 29,
 388: 44,
 389: 29,
 390: 17,
 391: 45,
 392: 22,
 393: 43,
 394: 26,
 395: 38,
 396: 42,
 397: 34,
 398: 38,
 399: 25,
 400: 34,
 401: 30,
 402: 29,
 403: 39,
 404: 34,
 405: 33,
 406: 30,
 407: 28,
 408: 31,
 409: 29,
 410: 38,
 411: 32,
 412: 35,
 413: 39,
 414: 22,
 415: 15,
 416: 29,
 417: 34,
 418: 24,
 419: 28,
 420: 23,
 421: 27,
 422: 23,
 423: 26,
 424: 31,
 425: 28,
 426: 20,
 427: 33,
 428: 23,
 429: 20,
 430: 29,
 431: 19,
 432: 32,
 433: 16,
 434: 20,
 435: 48,
 436: 21,
 437: 29,
 438: 14,
 439: 22,
 440: 19,
 441: 23,
 442: 35,
 443: 33,
 444: 23,
 445: 25,
 446: 20,
 447: 21,
 448: 11,
 449: 26,
 450: 19,
 451: 30,
 452: 23,
 453: 21,
 454: 25,
 455: 34,
 456: 19,
 457: 21,
 458: 24,
 459: 23,
 460: 21,
 461: 14,
 462: 26,
 463: 22,
 464: 13,
 465: 26,
 466: 25,
 467: 21,
 468: 17,
 469: 27,
 470: 12,
 471: 17,
 472: 24,
 473: 16,
 474: 10,
 475: 30,
 476: 15,
 477: 11,
 478: 13,
 479: 16,
 480: 11,
 481: 9,
 482: 21,
 483: 8,
 484: 25,
 485: 23,
 486: 13,
 487: 25,
 488: 32,
 489: 15,
 490: 15,
 491: 17,
 492: 14,
 493: 32,
 494: 15,
 495: 21,
 496: 11,
 497: 18,
 498: 11,
 499: 15,
 500: 7,
 501: 17,
 502: 14,
 503: 16,
 504: 13,
 505: 10,
 506: 16,
 507: 11,
 508: 23,
 509: 14,
 510: 16,
 511: 12,
 512: 16,
 513: 16,
 514: 9,
 515: 15,
 516: 14,
 517: 13,
 518: 7,
 519: 21,
 520: 12,
 521: 15,
 522: 13,
 523: 19,
 524: 14,
 525: 14,
 526: 9,
 527: 10,
 528: 19,
 529: 4,
 530: 11,
 531: 15,
 532: 16,
 533: 17,
 534: 18,
 535: 19,
 536: 14,
 537: 18,
 538: 11,
 539: 13,
 540: 14,
 541: 13,
 542: 14,
 543: 13,
 544: 15,
 545: 12,
 546: 15,
 547: 11,
 548: 13,
 549: 13,
 550: 15,
 551: 18,
 552: 9,
 553: 8,
 554: 12,
 555: 14,
 556: 8,
 557: 10,
 558: 9,
 559: 10,
 560: 18,
 561: 9,
 562: 6,
 563: 12,
 564: 14,
 565: 4,
 566: 6,
 567: 17,
 568: 11,
 569: 7,
 570: 9,
 571: 14,
 572: 3,
 573: 6,
 574: 7,
 575: 15,
 576: 10,
 577: 14,
 578: 11,
 579: 8,
 580: 9,
 581: 11,
 582: 16,
 583: 18,
 584: 18,
 585: 12,
 586: 14,
 587: 4,
 588: 12,
 589: 8,
 590: 12,
 591: 13,
 592: 15,
 593: 13,
 594: 9,
 595: 11,
 596: 15,
 597: 6,
 598: 10,
 599: 5,
 600: 10,
 601: 9,
 602: 11,
 603: 8,
 604: 10,
 605: 9,
 606: 7,
 607: 9,
 608: 6,
 609: 3,
 610: 5,
 611: 11,
 612: 5,
 613: 9,
 614: 13,
 615: 5,
 616: 3,
 617: 15,
 618: 15,
 619: 6,
 620: 8,
 621: 8,
 622: 13,
 623: 4,
 624: 2,
 625: 8,
 626: 10,
 627: 4,
 628: 4,
 629: 10,
 630: 12,
 631: 3,
 632: 15,
 633: 10,
 634: 9,
 635: 3,
 636: 10,
 637: 11,
 638: 6,
 639: 8,
 640: 5,
 641: 4,
 642: 4,
 643: 15,
 644: 11,
 645: 8,
 646: 8,
 647: 5,
 648: 10,
 649: 8,
 650: 12,
 651: 7,
 652: 8,
 653: 4,
 654: 7,
 655: 7,
 656: 7,
 657: 6,
 658: 5,
 659: 1,
 660: 4,
 661: 8,
 662: 15,
 663: 10,
 664: 4,
 665: 5,
 666: 9,
 667: 2,
 668: 6,
 669: 7,
 670: 5,
 671: 4,
 672: 9,
 673: 10,
 674: 6,
 675: 3,
 676: 5,
 677: 8,
 678: 6,
 679: 6,
 680: 3,
 681: 3,
 682: 3,
 683: 9,
 684: 7,
 685: 4,
 686: 2,
 688: 6,
 689: 4,
 690: 4,
 691: 6,
 692: 5,
 693: 1,
 694: 11,
 695: 4,
 696: 2,
 697: 7,
 698: 6,
 699: 5,
 700: 6,
 701: 6,
 702: 3,
 703: 1,
 704: 9,
 705: 6,
 706: 3,
 707: 5,
 708: 2,
 709: 8,
 710: 3,
 711: 1,
 712: 8,
 713: 7,
 714: 7,
 715: 2,
 716: 3,
 717: 8,
 718: 4,
 719: 3,
 720: 7,
 721: 3,
 722: 2,
 724: 6,
 725: 3,
 726: 5,
 727: 2,
 728: 2,
 729: 3,
 730: 6,
 731: 3,
 732: 5,
 733: 5,
 735: 3,
 736: 4,
 737: 7,
 738: 5,
 739: 2,
 740: 4,
 741: 5,
 742: 2,
 743: 3,
 744: 9,
 745: 5,
 746: 3,
 747: 4,
 748: 9,
 750: 2,
 751: 7,
 752: 12,
 753: 8,
 754: 3,
 755: 4,
 756: 6,
 757: 4,
 758: 3,
 759: 4,
 761: 4,
 762: 5,
 763: 5,
 764: 1,
 765: 5,
 766: 1,
 767: 2,
 768: 7,
 769: 4,
 770: 3,
 771: 3,
 772: 4,
 773: 7,
 775: 6,
 776: 2,
 777: 3,
 779: 1,
 780: 2,
 781: 6,
 783: 3,
 784: 2,
 785: 6,
 786: 3,
 787: 4,
 788: 2,
 789: 1,
 790: 3,
 791: 1,
 792: 3,
 793: 1,
 794: 6,
 795: 5,
 796: 1,
 797: 5,
 798: 1,
 799: 4,
 800: 3,
 801: 4,
 802: 7,
 803: 2,
 804: 2,
 805: 1,
 806: 1,
 807: 2,
 808: 2,
 809: 1,
 810: 2,
 811: 7,
 812: 7,
 813: 5,
 814: 4,
 815: 2,
 817: 4,
 818: 3,
 819: 4,
 820: 5,
 821: 2,
 822: 5,
 823: 1,
 824: 1,
 825: 3,
 826: 2,
 827: 2,
 828: 5,
 829: 4,
 830: 6,
 831: 5,
 832: 1,
 833: 2,
 834: 1,
 835: 3,
 836: 5,
 837: 3,
 838: 3,
 839: 3,
 840: 3,
 841: 7,
 842: 1,
 845: 1,
 846: 1,
 848: 5,
 849: 2,
 850: 4,
 851: 1,
 852: 5,
 853: 2,
 854: 1,
 856: 1,
 857: 7,
 858: 1,
 859: 1,
 860: 2,
 861: 1,
 862: 3,
 863: 6,
 864: 2,
 865: 3,
 866: 3,
 868: 4,
 869: 2,
 870: 7,
 872: 3,
 873: 5,
 874: 2,
 875: 1,
 876: 7,
 878: 3,
 879: 1,
 880: 4,
 881: 2,
 882: 3,
 883: 1,
 886: 1,
 887: 4,
 888: 2,
 889: 2,
 890: 1,
 891: 1,
 893: 4,
 895: 3,
 896: 3,
 897: 1,
 898: 1,
 899: 1,
 900: 1,
 901: 3,
 902: 9,
 903: 3,
 904: 2,
 905: 7,
 908: 2,
 909: 3,
 910: 1,
 911: 1,
 913: 1,
 914: 2,
 915: 1,
 916: 2,
 917: 2,
 918: 2,
 919: 1,
 920: 2,
 921: 5,
 922: 1,
 923: 4,
 924: 2,
 926: 2,
 927: 1,
 928: 2,
 929: 1,
 930: 3,
 931: 3,
 934: 1,
 935: 6,
 936: 2,
 937: 1,
 938: 2,
 939: 3,
 940: 1,
 941: 8,
 942: 1,
 943: 6,
 944: 2,
 945: 3,
 949: 2,
 950: 5,
 951: 1,
 952: 2,
 953: 1,
 954: 3,
 955: 4,
 956: 1,
 957: 1,
 958: 1,
 959: 4,
 960: 1,
 962: 5,
 964: 4,
 965: 4,
 966: 1,
 967: 2,
 968: 1,
 969: 1,
 970: 4,
 971: 5,
 972: 2,
 973: 3,
 974: 1,
 975: 2,
 977: 3,
 979: 1,
 981: 2,
 983: 1,
 985: 1,
 986: 2,
 987: 1,
 988: 3,
 989: 4,
 990: 1,
 991: 3,
 993: 3,
 996: 1,
 997: 2,
 998: 1,
 999: 4,
 1000: 3,
 1001: 2,
 1003: 3,
 1004: 3,
 1008: 5,
 1009: 2,
 1010: 1,
 1013: 4,
 1014: 1,
 1016: 1,
 1017: 1,
 1018: 2,
 1019: 1,
 1020: 1,
 1021: 2,
 1023: 1,
 1024: 2,
 1026: 1,
 1028: 1,
 1029: 1,
 1030: 1,
 1031: 2,
 1032: 1,
 1033: 2,
 1036: 1,
 1037: 1,
 1039: 2,
 1042: 5,
 1045: 1,
 1046: 4,
 1047: 2,
 1048: 1,
 1049: 1,
 1050: 1,
 1051: 2,
 1052: 2,
 1054: 1,
 1058: 2,
 1060: 1,
 1061: 4,
 1062: 3,
 1065: 2,
 1068: 1,
 1071: 1,
 1073: 3,
 1075: 1,
 1079: 1,
 1080: 6,
 1082: 1,
 1083: 1,
 1084: 2,
 1085: 3,
 1087: 2,
 1090: 4,
 1091: 3,
 1093: 1,
 1096: 1,
 1100: 1,
 1102: 1,
 1105: 2,
 1106: 1,
 1109: 1,
 1113: 1,
 1114: 1,
 1117: 1,
 1118: 1,
 1119: 1,
 1120: 1,
 1124: 1,
 1126: 2,
 1127: 1,
 1128: 1,
 1129: 1,
 1130: 2,
 1133: 1,
 1134: 4,
 1136: 1,
 1139: 1,
 1141: 1,
 1143: 3,
 1149: 1,
 1153: 1,
 1155: 1,
 1157: 1,
 1160: 3,
 1161: 1,
 1164: 2,
 1165: 4,
 1172: 1,
 1176: 2,
 1179: 2,
 1181: 1,
 1184: 2,
 1185: 1,
 1190: 1,
 1193: 1,
 1196: 1,
 1198: 1,
 1199: 1,
 1201: 1,
 1209: 1,
 1210: 1,
 1212: 1,
 1213: 1,
 1216: 1,
 1219: 4,
 1220: 2,
 1224: 1,
 1230: 1,
 1238: 3,
 1239: 1,
 1248: 1,
 1250: 1,
 1251: 1,
 1252: 1,
 1253: 1,
 1261: 3,
 1264: 4,
 1265: 2,
 1279: 3,
 1280: 1,
 1281: 4,
 1289: 3,
 1295: 1,
 1296: 1,
 1298: 1,
 1299: 3,
 1302: 1,
 1308: 1,
 1312: 1,
 1316: 2,
 1321: 2,
 1331: 1,
 1342: 2,
 1343: 1,
 1344: 1,
 1352: 1,
 1362: 1,
 1375: 2,
 1377: 1,
 1378: 1,
 1380: 1,
 1383: 1,
 1384: 1,
 1386: 2,
 1393: 2,
 1403: 1,
 1410: 2,
 1411: 1,
 1417: 1,
 1421: 1,
 1426: 1,
 1428: 2,
 1430: 1,
 1442: 2,
 1462: 1,
 1467: 1,
 1477: 2,
 1497: 3,
 1556: 1,
 1571: 1,
 1574: 1,
 1582: 2,
 1590: 2,
 1592: 1,
 1607: 1,
 1617: 2,
 1622: 1,
 1633: 1,
 1645: 1,
 1647: 1,
 1656: 1,
 1695: 2,
 1704: 3,
 1709: 1,
 1711: 2,
 1727: 1,
 1741: 2,
 1762: 1,
 1777: 1,
 1785: 1,
 1799: 1,
 1860: 2,
 1986: 2,
 2030: 1,
 2042: 2,
 2089: 1,
 2151: 1,
 2249: 1,
 2275: 1,
 2278: 1,
 2294: 1,
 2448: 1,
 2578: 1,
 2915: 1,
 2945: 1,
 3405: 1,
 4005: 1}
====================
# tokens/example: 112.72
# examples/class: 850.67
Vocabulary size: 26455
====================
