Number of examples each class:
HuffPost_train_new.json
{   '0': 900,
    '1': 900,
    '11': 900,
    '12': 900,
    '13': 900,
    '14': 900,
    '15': 900,
    '16': 900,
    '17': 900,
    '18': 900,
    '2': 900,
    '20': 900,
    '21': 900,
    '22': 900,
    '23': 900,
    '25': 900,
    '27': 900,
    '3': 900,
    '33': 900,
    '34': 900,
    '35': 900,
    '37': 900,
    '38': 900,
    '4': 900,
    '5': 900,
    '7': 900,
    '9': 900}
HuffPost_test_new.json
{   '19': 900,
    '24': 900,
    '26': 900,
    '31': 900,
    '36': 900,
    '39': 900,
    '40': 900,
    '6': 900}
HuffPost_val_new.json
{'10': 900, '28': 900, '29': 900, '30': 900, '32': 900, '8': 900}

Number of tokens length each example:
{5: 494,
 6: 906,
 7: 1303,
 8: 1906,
 9: 2547,
 10: 2953,
 11: 3396,
 12: 3725,
 13: 3676,
 14: 3466,
 15: 3075,
 16: 2488,
 17: 2002,
 18: 1550,
 19: 1097,
 20: 804,
 21: 518,
 22: 332,
 23: 245,
 24: 148,
 25: 88,
 26: 63,
 27: 42,
 28: 19,
 29: 20,
 30: 14,
 31: 6,
 32: 5,
 33: 3,
 34: 2,
 35: 2,
 36: 1,
 37: 1,
 38: 1,
 45: 1,
 52: 1}
====================
# tokens/example: 13.08
# examples/class: 900.00
Vocabulary size: 18780
====================
